<?xml version="1.0" encoding="UTF-8"?>
<!-- Generated by org.testng.reporters.JUnitReportReporter -->
<testsuite hostname="DESKTOP-3A129H7" failures="0" tests="1" name="DIGIORDER.DIGIORDER.BasePage" time="14.849" errors="0" timestamp="2022-12-26T12:44:48 IST" skipped="0">
  <testcase classname="DIGIORDER.DIGIORDER.BasePage" name="launchapplication" time="14.849"/>
  <system-out/>
</testsuite> <!-- DIGIORDER.DIGIORDER.BasePage -->
