<?xml version="1.0" encoding="UTF-8"?>
<!-- Generated by org.testng.reporters.JUnitReportReporter -->
<testsuite hostname="DESKTOP-3A129H7" failures="0" tests="1" name="Test.DownFile" time="0.018" errors="0" timestamp="2023-09-05T17:12:07 IST" skipped="0">
  <testcase classname="Test.DownFile" name="VerifyfileisDownloaded" time="0.018"/>
  <system-out/>
</testsuite> <!-- Test.DownFile -->
