<?xml version="1.0" encoding="UTF-8"?>
<!-- Generated by org.testng.reporters.JUnitReportReporter -->
<testsuite hostname="DESKTOP-3A129H7" failures="0" tests="1" name="DIGIORDER.DIGIORDER.BaseTest" time="48.535" errors="0" timestamp="2023-01-27T12:40:15 IST" skipped="0">
  <testcase classname="DIGIORDER.DIGIORDER.BaseTest" name="ValidateBaseTest" time="48.535"/>
  <system-out/>
</testsuite> <!-- DIGIORDER.DIGIORDER.BaseTest -->
